# JRE version: Java(TM) SE Runtime Environment (8.0_65-b17) (build 1.8.0_65-b17)
# Java VM: Java HotSpot(TM) 64-Bit Server VM (25.65-b01 mixed mode windows-amd64 compressed oops)
Heap:
 PSYoungGen      total 183808K, used 148248K [0x00000000d5d00000, 0x00000000e2480000, 0x0000000100000000)
  eden space 164352K, 90% used [0x00000000d5d00000,0x00000000dedc60b8,0x00000000dfd80000)
  from space 19456K, 0% used [0x00000000dfd80000,0x00000000dfd80000,0x00000000e1080000)
  to   space 18944K, 0% used [0x00000000e1200000,0x00000000e1200000,0x00000000e2480000)
 ParOldGen       total 111616K, used 23973K [0x0000000081600000, 0x0000000088300000, 0x00000000d5d00000)
  object space 111616K, 21% used [0x0000000081600000,0x0000000082d69658,0x0000000088300000)
 Metaspace       used 44189K, capacity 44686K, committed 45312K, reserved 1089536K
  class space    used 5079K, capacity 5264K, committed 5376K, reserved 1048576K
GC Heap History (10 events):
Event: 15.865 GC heap before
{Heap before GC invocations=10 (full 1):
 PSYoungGen      total 151552K, used 79147K [0x00000000d5d00000, 0x00000000e2f00000, 0x0000000100000000)
  eden space 135680K, 47% used [0x00000000d5d00000,0x00000000d9c390b8,0x00000000de180000)
  from space 15872K, 90% used [0x00000000df280000,0x00000000e0091c88,0x00000000e0200000)
  to   space 17408K, 0% used [0x00000000de180000,0x00000000de180000,0x00000000df280000)
 ParOldGen       total 67072K, used 18466K [0x0000000081600000, 0x0000000085780000, 0x00000000d5d00000)
  object space 67072K, 27% used [0x0000000081600000,0x0000000082808870,0x0000000085780000)
 Metaspace       used 34820K, capacity 35248K, committed 35456K, reserved 1081344K
  class space    used 4270K, capacity 4407K, committed 4480K, reserved 1048576K
Event: 15.887 GC heap after
Heap after GC invocations=10 (full 1):
 PSYoungGen      total 153088K, used 14953K [0x00000000d5d00000, 0x00000000e2300000, 0x0000000100000000)
  eden space 135680K, 0% used [0x00000000d5d00000,0x00000000d5d00000,0x00000000de180000)
  from space 17408K, 85% used [0x00000000de180000,0x00000000df01a678,0x00000000df280000)
  to   space 18944K, 0% used [0x00000000e1080000,0x00000000e1080000,0x00000000e2300000)
 ParOldGen       total 67072K, used 18474K [0x0000000081600000, 0x0000000085780000, 0x00000000d5d00000)
  object space 67072K, 27% used [0x0000000081600000,0x000000008280a870,0x0000000085780000)
 Metaspace       used 34820K, capacity 35248K, committed 35456K, reserved 1081344K
  class space    used 4270K, capacity 4407K, committed 4480K, reserved 1048576K
}
Event: 15.887 GC heap before
{Heap before GC invocations=11 (full 2):
 PSYoungGen      total 153088K, used 14953K [0x00000000d5d00000, 0x00000000e2300000, 0x0000000100000000)
  eden space 135680K, 0% used [0x00000000d5d00000,0x00000000d5d00000,0x00000000de180000)
  from space 17408K, 85% used [0x00000000de180000,0x00000000df01a678,0x00000000df280000)
  to   space 18944K, 0% used [0x00000000e1080000,0x00000000e1080000,0x00000000e2300000)
 ParOldGen       total 67072K, used 18474K [0x0000000081600000, 0x0000000085780000, 0x00000000d5d00000)
  object space 67072K, 27% used [0x0000000081600000,0x000000008280a870,0x0000000085780000)
 Metaspace       used 34820K, capacity 35248K, committed 35456K, reserved 1081344K
  class space    used 4270K, capacity 4407K, committed 4480K, reserved 1048576K
Event: 16.001 GC heap after
Heap after GC invocations=11 (full 2):
 PSYoungGen      total 153088K, used 0K [0x00000000d5d00000, 0x00000000e2300000, 0x0000000100000000)
  eden space 135680K, 0% used [0x00000000d5d00000,0x00000000d5d00000,0x00000000de180000)
  from space 17408K, 0% used [0x00000000de180000,0x00000000de180000,0x00000000df280000)
  to   space 18944K, 0% used [0x00000000e1080000,0x00000000e1080000,0x00000000e2300000)
 ParOldGen       total 111616K, used 23589K [0x0000000081600000, 0x0000000088300000, 0x00000000d5d00000)
  object space 111616K, 21% used [0x0000000081600000,0x0000000082d09438,0x0000000088300000)
 Metaspace       used 34820K, capacity 35248K, committed 35456K, reserved 1081344K
  class space    used 4270K, capacity 4407K, committed 4480K, reserved 1048576K
}
Event: 1330.845 GC heap before
{Heap before GC invocations=12 (full 2):
 PSYoungGen      total 153088K, used 135680K [0x00000000d5d00000, 0x00000000e2300000, 0x0000000100000000)
  eden space 135680K, 100% used [0x00000000d5d00000,0x00000000de180000,0x00000000de180000)
  from space 17408K, 0% used [0x00000000de180000,0x00000000de180000,0x00000000df280000)
  to   space 18944K, 0% used [0x00000000e1080000,0x00000000e1080000,0x00000000e2300000)
 ParOldGen       total 111616K, used 23589K [0x0000000081600000, 0x0000000088300000, 0x00000000d5d00000)
  object space 111616K, 21% used [0x0000000081600000,0x0000000082d09438,0x0000000088300000)
 Metaspace       used 43747K, capacity 44162K, committed 44416K, reserved 1089536K
  class space    used 5075K, capacity 5230K, committed 5248K, reserved 1048576K
Event: 1330.877 GC heap after
Heap after GC invocations=12 (full 2):
 PSYoungGen      total 183296K, used 14322K [0x00000000d5d00000, 0x00000000e2580000, 0x0000000100000000)
  eden space 164352K, 0% used [0x00000000d5d00000,0x00000000d5d00000,0x00000000dfd80000)
  from space 18944K, 75% used [0x00000000e1080000,0x00000000e1e7c880,0x00000000e2300000)
  to   space 19456K, 0% used [0x00000000dfd80000,0x00000000dfd80000,0x00000000e1080000)
 ParOldGen       total 111616K, used 23597K [0x0000000081600000, 0x0000000088300000, 0x00000000d5d00000)
  object space 111616K, 21% used [0x0000000081600000,0x0000000082d0b438,0x0000000088300000)
 Metaspace       used 43747K, capacity 44162K, committed 44416K, reserved 1089536K
  class space    used 5075K, capacity 5230K, committed 5248K, reserved 1048576K
}
Event: 3013.216 GC heap before
{Heap before GC invocations=13 (full 2):
 PSYoungGen      total 183296K, used 96464K [0x00000000d5d00000, 0x00000000e2580000, 0x0000000100000000)
  eden space 164352K, 49% used [0x00000000d5d00000,0x00000000dad377b0,0x00000000dfd80000)
  from space 18944K, 75% used [0x00000000e1080000,0x00000000e1e7c880,0x00000000e2300000)
  to   space 19456K, 0% used [0x00000000dfd80000,0x00000000dfd80000,0x00000000e1080000)
 ParOldGen       total 111616K, used 23597K [0x0000000081600000, 0x0000000088300000, 0x00000000d5d00000)
  object space 111616K, 21% used [0x0000000081600000,0x0000000082d0b438,0x0000000088300000)
 Metaspace       used 43915K, capacity 44398K, committed 44800K, reserved 1089536K
  class space    used 5090K, capacity 5265K, committed 5376K, reserved 1048576K
Event: 3013.227 GC heap after
Heap after GC invocations=13 (full 2):
 PSYoungGen      total 183808K, used 7163K [0x00000000d5d00000, 0x00000000e2480000, 0x0000000100000000)
  eden space 164352K, 0% used [0x00000000d5d00000,0x00000000d5d00000,0x00000000dfd80000)
  from space 19456K, 36% used [0x00000000dfd80000,0x00000000e047ef98,0x00000000e1080000)
  to   space 18944K, 0% used [0x00000000e1200000,0x00000000e1200000,0x00000000e2480000)
 ParOldGen       total 111616K, used 23605K [0x0000000081600000, 0x0000000088300000, 0x00000000d5d00000)
  object space 111616K, 21% used [0x0000000081600000,0x0000000082d0d438,0x0000000088300000)
 Metaspace       used 43915K, capacity 44398K, committed 44800K, reserved 1089536K
  class space    used 5090K, capacity 5265K, committed 5376K, reserved 1048576K
}
Event: 3013.227 GC heap before
{Heap before GC invocations=14 (full 3):
 PSYoungGen      total 183808K, used 7163K [0x00000000d5d00000, 0x00000000e2480000, 0x0000000100000000)
  eden space 164352K, 0% used [0x00000000d5d00000,0x00000000d5d00000,0x00000000dfd80000)
  from space 19456K, 36% used [0x00000000dfd80000,0x00000000e047ef98,0x00000000e1080000)
  to   space 18944K, 0% used [0x00000000e1200000,0x00000000e1200000,0x00000000e2480000)
 ParOldGen       total 111616K, used 23605K [0x0000000081600000, 0x0000000088300000, 0x00000000d5d00000)
  object space 111616K, 21% used [0x0000000081600000,0x0000000082d0d438,0x0000000088300000)
 Metaspace       used 43915K, capacity 44398K, committed 44800K, reserved 1089536K
  class space    used 5090K, capacity 5265K, committed 5376K, reserved 1048576K
Event: 3013.429 GC heap after
Heap after GC invocations=14 (full 3):
 PSYoungGen      total 183808K, used 0K [0x00000000d5d00000, 0x00000000e2480000, 0x0000000100000000)
  eden space 164352K, 0% used [0x00000000d5d00000,0x00000000d5d00000,0x00000000dfd80000)
  from space 19456K, 0% used [0x00000000dfd80000,0x00000000dfd80000,0x00000000e1080000)
  to   space 18944K, 0% used [0x00000000e1200000,0x00000000e1200000,0x00000000e2480000)
 ParOldGen       total 111616K, used 23973K [0x0000000081600000, 0x0000000088300000, 0x00000000d5d00000)
  object space 111616K, 21% used [0x0000000081600000,0x0000000082d69658,0x0000000088300000)
 Metaspace       used 43636K, capacity 43966K, committed 44800K, reserved 1089536K
  class space    used 5048K, capacity 5188K, committed 5376K, reserved 1048576K
}

